<?xml version="1.0" encoding="UTF-8"?>
<testsuite name="com.blz.workshop.HotelReservationTest" tests="1" skipped="0" failures="0" errors="0" timestamp="2022-01-16T10:27:10" hostname="DESKTOP-DN56027" time="0.043">
  <properties/>
  <testcase name="whenHotelAdded_ToSystem_ShouldGetAdded()" classname="com.blz.workshop.HotelReservationTest" time="0.043"/>
  <system-out><![CDATA[]]></system-out>
  <system-err><![CDATA[]]></system-err>
</testsuite>
